-- Found ament_cmake: 0.9.12 (/opt/ros/foxy/share/ament_cmake/cmake)
-- Using PYTHON_EXECUTABLE: /usr/bin/python3
-- Override CMake install command with custom implementation using symlinks instead of copying resources
-- Found geometry_msgs: 2.0.5 (/opt/ros/foxy/share/geometry_msgs/cmake)
-- Using all available rosidl_typesupport_c: rosidl_typesupport_fastrtps_c;rosidl_typesupport_introspection_c
-- Found rosidl_adapter: 1.3.1 (/opt/ros/foxy/share/rosidl_adapter/cmake)
-- Using all available rosidl_typesupport_cpp: rosidl_typesupport_fastrtps_cpp;rosidl_typesupport_introspection_cpp
-- Found ament_lint_auto: 0.9.8 (/opt/ros/foxy/share/ament_lint_auto/cmake)
-- Added test 'copyright' to check source files copyright and LICENSE
-- Added test 'cppcheck' to perform static code analysis on C / C++ code
-- Configured cppcheck include dirs: 
-- Configured cppcheck exclude dirs and/or files: 
-- Added test 'cpplint' to check C / C++ code against the Google style
-- Configured cpplint exclude dirs and/or files: 
-- Added test 'flake8' to check Python code syntax and style conventions
-- Added test 'lint_cmake' to check CMake code style
-- Added test 'pep257' to check Python code against some of the style conventions in PEP 257
-- Added test 'uncrustify' to check C / C++ code style
-- Configured uncrustify additional arguments: 
-- Added test 'xmllint' to check XML markup files
-- Configuring done
-- Generating done
-- Build files have been written to: /home/lukas/ROBOT_CORE/my_bot/build/my_bot
-- Install configuration: ""
-- Execute custom install script
-- Up-to-date symlink: /home/lukas/ROBOT_CORE/my_bot/install/my_bot/share/my_bot/config/empty.yaml
-- Up-to-date symlink: /home/lukas/ROBOT_CORE/my_bot/install/my_bot/share/my_bot/config/joystick.yaml
-- Up-to-date symlink: /home/lukas/ROBOT_CORE/my_bot/install/my_bot/share/my_bot/description/colors.xacro
-- Up-to-date symlink: /home/lukas/ROBOT_CORE/my_bot/install/my_bot/share/my_bot/description/gazebo_control.xacro
-- Up-to-date symlink: /home/lukas/ROBOT_CORE/my_bot/install/my_bot/share/my_bot/description/inertia_macros.xacro
-- Up-to-date symlink: /home/lukas/ROBOT_CORE/my_bot/install/my_bot/share/my_bot/description/robot.urdf.xacro
-- Up-to-date symlink: /home/lukas/ROBOT_CORE/my_bot/install/my_bot/share/my_bot/description/robot_core.xacro
-- Up-to-date symlink: /home/lukas/ROBOT_CORE/my_bot/install/my_bot/share/my_bot/launch/joystick.launch.py
-- Up-to-date symlink: /home/lukas/ROBOT_CORE/my_bot/install/my_bot/share/my_bot/launch/launch_sim.launch.py
-- Up-to-date symlink: /home/lukas/ROBOT_CORE/my_bot/install/my_bot/share/my_bot/launch/rsp.launch.py
-- Up-to-date symlink: /home/lukas/ROBOT_CORE/my_bot/install/my_bot/share/my_bot/worlds/empty.world
-- Up-to-date symlink: /home/lukas/ROBOT_CORE/my_bot/install/my_bot/share/ament_index/resource_index/package_run_dependencies/my_bot
-- Up-to-date symlink: /home/lukas/ROBOT_CORE/my_bot/install/my_bot/share/ament_index/resource_index/parent_prefix_path/my_bot
-- Up-to-date symlink: /home/lukas/ROBOT_CORE/my_bot/install/my_bot/share/my_bot/environment/ament_prefix_path.sh
-- Up-to-date symlink: /home/lukas/ROBOT_CORE/my_bot/install/my_bot/share/my_bot/environment/ament_prefix_path.dsv
-- Up-to-date symlink: /home/lukas/ROBOT_CORE/my_bot/install/my_bot/share/my_bot/environment/path.sh
-- Up-to-date symlink: /home/lukas/ROBOT_CORE/my_bot/install/my_bot/share/my_bot/environment/path.dsv
-- Up-to-date symlink: /home/lukas/ROBOT_CORE/my_bot/install/my_bot/share/my_bot/local_setup.bash
-- Up-to-date symlink: /home/lukas/ROBOT_CORE/my_bot/install/my_bot/share/my_bot/local_setup.sh
-- Up-to-date symlink: /home/lukas/ROBOT_CORE/my_bot/install/my_bot/share/my_bot/local_setup.zsh
-- Up-to-date symlink: /home/lukas/ROBOT_CORE/my_bot/install/my_bot/share/my_bot/local_setup.dsv
-- Symlinking: /home/lukas/ROBOT_CORE/my_bot/install/my_bot/share/my_bot/package.dsv
-- Up-to-date symlink: /home/lukas/ROBOT_CORE/my_bot/install/my_bot/share/ament_index/resource_index/packages/my_bot
-- Up-to-date symlink: /home/lukas/ROBOT_CORE/my_bot/install/my_bot/share/my_bot/cmake/my_botConfig.cmake
-- Up-to-date symlink: /home/lukas/ROBOT_CORE/my_bot/install/my_bot/share/my_bot/cmake/my_botConfig-version.cmake
-- Up-to-date symlink: /home/lukas/ROBOT_CORE/my_bot/install/my_bot/share/my_bot/package.xml
