[2.980s] Invoking command in '/home/lukas/ROBOT_CORE/my_bot/build/my_bot': CMAKE_PREFIX_PATH=${CMAKE_PREFIX_PATH}:/opt/ros/foxy /usr/bin/cmake /home/lukas/ROBOT_CORE/my_bot -DAMENT_CMAKE_SYMLINK_INSTALL=1 -DCMAKE_INSTALL_PREFIX=/home/lukas/ROBOT_CORE/my_bot/install/my_bot
[3.195s] -- Found ament_cmake: 0.9.12 (/opt/ros/foxy/share/ament_cmake/cmake)
[3.521s] -- Using PYTHON_EXECUTABLE: /usr/bin/python3
[6.169s] -- Override CMake install command with custom implementation using symlinks instead of copying resources
[6.280s] -- Found geometry_msgs: 2.0.5 (/opt/ros/foxy/share/geometry_msgs/cmake)
[6.478s] CMake Warning at /opt/ros/foxy/share/rcutils/cmake/ament_cmake_export_libraries-extras.cmake:116 (message):
[6.480s]   Package 'rcutils' exports library 'dl' which couldn't be found
[6.482s] Call Stack (most recent call first):
[6.483s]   /opt/ros/foxy/share/rcutils/cmake/rcutilsConfig.cmake:41 (include)
[6.486s]   /opt/ros/foxy/share/rosidl_runtime_c/cmake/ament_cmake_export_dependencies-extras.cmake:21 (find_package)
[6.488s]   /opt/ros/foxy/share/rosidl_runtime_c/cmake/rosidl_runtime_cConfig.cmake:41 (include)
[6.490s]   /opt/ros/foxy/share/builtin_interfaces/cmake/ament_cmake_export_dependencies-extras.cmake:21 (find_package)
[6.491s]   /opt/ros/foxy/share/builtin_interfaces/cmake/builtin_interfacesConfig.cmake:41 (include)
[6.493s]   /opt/ros/foxy/share/std_msgs/cmake/ament_cmake_export_dependencies-extras.cmake:21 (find_package)
[6.495s]   /opt/ros/foxy/share/std_msgs/cmake/std_msgsConfig.cmake:41 (include)
[6.496s]   /opt/ros/foxy/share/geometry_msgs/cmake/ament_cmake_export_dependencies-extras.cmake:21 (find_package)
[6.498s]   /opt/ros/foxy/share/geometry_msgs/cmake/geometry_msgsConfig.cmake:41 (include)
[6.500s]   CMakeLists.txt:20 (find_package)
[6.501s] 
[6.503s] 
[6.623s] -- Using all available rosidl_typesupport_c: rosidl_typesupport_fastrtps_c;rosidl_typesupport_introspection_c
[6.681s] -- Found rosidl_adapter: 1.3.1 (/opt/ros/foxy/share/rosidl_adapter/cmake)
[8.089s] -- Using all available rosidl_typesupport_cpp: rosidl_typesupport_fastrtps_cpp;rosidl_typesupport_introspection_cpp
[9.514s] -- Found ament_lint_auto: 0.9.8 (/opt/ros/foxy/share/ament_lint_auto/cmake)
[10.527s] -- Added test 'copyright' to check source files copyright and LICENSE
[12.133s] -- Added test 'cppcheck' to perform static code analysis on C / C++ code
[12.135s] -- Configured cppcheck include dirs: 
[12.137s] -- Configured cppcheck exclude dirs and/or files: 
[13.737s] -- Added test 'cpplint' to check C / C++ code against the Google style
[13.739s] -- Configured cpplint exclude dirs and/or files: 
[13.943s] -- Added test 'flake8' to check Python code syntax and style conventions
[14.349s] -- Added test 'lint_cmake' to check CMake code style
[14.553s] -- Added test 'pep257' to check Python code against some of the style conventions in PEP 257
[16.160s] -- Added test 'uncrustify' to check C / C++ code style
[16.162s] -- Configured uncrustify additional arguments: 
[16.366s] -- Added test 'xmllint' to check XML markup files
[16.426s] -- Configuring done
[16.468s] -- Generating done
[16.493s] -- Build files have been written to: /home/lukas/ROBOT_CORE/my_bot/build/my_bot
[16.545s] Invoked command in '/home/lukas/ROBOT_CORE/my_bot/build/my_bot' returned '0': CMAKE_PREFIX_PATH=${CMAKE_PREFIX_PATH}:/opt/ros/foxy /usr/bin/cmake /home/lukas/ROBOT_CORE/my_bot -DAMENT_CMAKE_SYMLINK_INSTALL=1 -DCMAKE_INSTALL_PREFIX=/home/lukas/ROBOT_CORE/my_bot/install/my_bot
[16.573s] Invoking command in '/home/lukas/ROBOT_CORE/my_bot/build/my_bot': CMAKE_PREFIX_PATH=${CMAKE_PREFIX_PATH}:/opt/ros/foxy /usr/bin/cmake --build /home/lukas/ROBOT_CORE/my_bot/build/my_bot -- -j4 -l4
[17.091s] Invoked command in '/home/lukas/ROBOT_CORE/my_bot/build/my_bot' returned '0': CMAKE_PREFIX_PATH=${CMAKE_PREFIX_PATH}:/opt/ros/foxy /usr/bin/cmake --build /home/lukas/ROBOT_CORE/my_bot/build/my_bot -- -j4 -l4
[17.497s] Invoking command in '/home/lukas/ROBOT_CORE/my_bot/build/my_bot': CMAKE_PREFIX_PATH=${CMAKE_PREFIX_PATH}:/opt/ros/foxy /usr/bin/cmake --install /home/lukas/ROBOT_CORE/my_bot/build/my_bot
[17.608s] -- Install configuration: ""
[17.614s] -- Execute custom install script
[17.623s] -- Up-to-date symlink: /home/lukas/ROBOT_CORE/my_bot/install/my_bot/share/my_bot/config/empty.yaml
[17.626s] -- Up-to-date symlink: /home/lukas/ROBOT_CORE/my_bot/install/my_bot/share/my_bot/config/joystick.yaml
[17.634s] -- Up-to-date symlink: /home/lukas/ROBOT_CORE/my_bot/install/my_bot/share/my_bot/description/colors.xacro
[17.637s] -- Up-to-date symlink: /home/lukas/ROBOT_CORE/my_bot/install/my_bot/share/my_bot/description/gazebo_control.xacro
[17.641s] -- Up-to-date symlink: /home/lukas/ROBOT_CORE/my_bot/install/my_bot/share/my_bot/description/inertia_macros.xacro
[17.644s] -- Up-to-date symlink: /home/lukas/ROBOT_CORE/my_bot/install/my_bot/share/my_bot/description/robot.urdf.xacro
[17.648s] -- Up-to-date symlink: /home/lukas/ROBOT_CORE/my_bot/install/my_bot/share/my_bot/description/robot_core.xacro
[17.654s] -- Up-to-date symlink: /home/lukas/ROBOT_CORE/my_bot/install/my_bot/share/my_bot/launch/joystick.launch.py
[17.658s] -- Up-to-date symlink: /home/lukas/ROBOT_CORE/my_bot/install/my_bot/share/my_bot/launch/launch_sim.launch.py
[17.661s] -- Up-to-date symlink: /home/lukas/ROBOT_CORE/my_bot/install/my_bot/share/my_bot/launch/rsp.launch.py
[17.668s] -- Up-to-date symlink: /home/lukas/ROBOT_CORE/my_bot/install/my_bot/share/my_bot/worlds/empty.world
[17.674s] -- Up-to-date symlink: /home/lukas/ROBOT_CORE/my_bot/install/my_bot/share/ament_index/resource_index/package_run_dependencies/my_bot
[17.680s] -- Up-to-date symlink: /home/lukas/ROBOT_CORE/my_bot/install/my_bot/share/ament_index/resource_index/parent_prefix_path/my_bot
[17.686s] -- Up-to-date symlink: /home/lukas/ROBOT_CORE/my_bot/install/my_bot/share/my_bot/environment/ament_prefix_path.sh
[17.691s] -- Up-to-date symlink: /home/lukas/ROBOT_CORE/my_bot/install/my_bot/share/my_bot/environment/ament_prefix_path.dsv
[17.697s] -- Up-to-date symlink: /home/lukas/ROBOT_CORE/my_bot/install/my_bot/share/my_bot/environment/path.sh
[17.702s] -- Up-to-date symlink: /home/lukas/ROBOT_CORE/my_bot/install/my_bot/share/my_bot/environment/path.dsv
[17.707s] -- Up-to-date symlink: /home/lukas/ROBOT_CORE/my_bot/install/my_bot/share/my_bot/local_setup.bash
[17.712s] -- Up-to-date symlink: /home/lukas/ROBOT_CORE/my_bot/install/my_bot/share/my_bot/local_setup.sh
[17.717s] -- Up-to-date symlink: /home/lukas/ROBOT_CORE/my_bot/install/my_bot/share/my_bot/local_setup.zsh
[17.723s] -- Up-to-date symlink: /home/lukas/ROBOT_CORE/my_bot/install/my_bot/share/my_bot/local_setup.dsv
[17.726s] -- Symlinking: /home/lukas/ROBOT_CORE/my_bot/install/my_bot/share/my_bot/package.dsv
[17.838s] -- Up-to-date symlink: /home/lukas/ROBOT_CORE/my_bot/install/my_bot/share/ament_index/resource_index/packages/my_bot
[17.843s] -- Up-to-date symlink: /home/lukas/ROBOT_CORE/my_bot/install/my_bot/share/my_bot/cmake/my_botConfig.cmake
[17.847s] -- Up-to-date symlink: /home/lukas/ROBOT_CORE/my_bot/install/my_bot/share/my_bot/cmake/my_botConfig-version.cmake
[17.852s] -- Up-to-date symlink: /home/lukas/ROBOT_CORE/my_bot/install/my_bot/share/my_bot/package.xml
[17.872s] Invoked command in '/home/lukas/ROBOT_CORE/my_bot/build/my_bot' returned '0': CMAKE_PREFIX_PATH=${CMAKE_PREFIX_PATH}:/opt/ros/foxy /usr/bin/cmake --install /home/lukas/ROBOT_CORE/my_bot/build/my_bot
