[2.994s] Invoking command in '/home/lukas/ROBOT_CORE/my_bot/build/my_bot': CMAKE_PREFIX_PATH=${CMAKE_PREFIX_PATH}:/opt/ros/foxy /usr/bin/cmake /home/lukas/ROBOT_CORE/my_bot -DCMAKE_INSTALL_PREFIX=/home/lukas/ROBOT_CORE/my_bot/install/my_bot
[3.210s] -- Found ament_cmake: 0.9.12 (/opt/ros/foxy/share/ament_cmake/cmake)
[3.535s] -- Using PYTHON_EXECUTABLE: /usr/bin/python3
[6.192s] -- Override CMake install command with custom implementation using symlinks instead of copying resources
[6.310s] -- Found geometry_msgs: 2.0.5 (/opt/ros/foxy/share/geometry_msgs/cmake)
[6.508s] CMake Warning at /opt/ros/foxy/share/rcutils/cmake/ament_cmake_export_libraries-extras.cmake:116 (message):
[6.510s]   Package 'rcutils' exports library 'dl' which couldn't be found
[6.512s] Call Stack (most recent call first):
[6.513s]   /opt/ros/foxy/share/rcutils/cmake/rcutilsConfig.cmake:41 (include)
[6.515s]   /opt/ros/foxy/share/rosidl_runtime_c/cmake/ament_cmake_export_dependencies-extras.cmake:21 (find_package)
[6.517s]   /opt/ros/foxy/share/rosidl_runtime_c/cmake/rosidl_runtime_cConfig.cmake:41 (include)
[6.518s]   /opt/ros/foxy/share/builtin_interfaces/cmake/ament_cmake_export_dependencies-extras.cmake:21 (find_package)
[6.520s]   /opt/ros/foxy/share/builtin_interfaces/cmake/builtin_interfacesConfig.cmake:41 (include)
[6.521s]   /opt/ros/foxy/share/std_msgs/cmake/ament_cmake_export_dependencies-extras.cmake:21 (find_package)
[6.523s]   /opt/ros/foxy/share/std_msgs/cmake/std_msgsConfig.cmake:41 (include)
[6.525s]   /opt/ros/foxy/share/geometry_msgs/cmake/ament_cmake_export_dependencies-extras.cmake:21 (find_package)
[6.526s]   /opt/ros/foxy/share/geometry_msgs/cmake/geometry_msgsConfig.cmake:41 (include)
[6.528s]   CMakeLists.txt:20 (find_package)
[6.530s] 
[6.531s] 
[6.653s] -- Using all available rosidl_typesupport_c: rosidl_typesupport_fastrtps_c;rosidl_typesupport_introspection_c
[6.712s] -- Found rosidl_adapter: 1.3.1 (/opt/ros/foxy/share/rosidl_adapter/cmake)
[8.121s] -- Using all available rosidl_typesupport_cpp: rosidl_typesupport_fastrtps_cpp;rosidl_typesupport_introspection_cpp
[9.545s] -- Found ament_lint_auto: 0.9.8 (/opt/ros/foxy/share/ament_lint_auto/cmake)
[10.561s] -- Added test 'copyright' to check source files copyright and LICENSE
[12.146s] -- Added test 'cppcheck' to perform static code analysis on C / C++ code
[12.148s] -- Configured cppcheck include dirs: 
[12.150s] -- Configured cppcheck exclude dirs and/or files: 
[13.733s] -- Added test 'cpplint' to check C / C++ code against the Google style
[13.735s] -- Configured cpplint exclude dirs and/or files: 
[13.936s] -- Added test 'flake8' to check Python code syntax and style conventions
[14.334s] -- Added test 'lint_cmake' to check CMake code style
[14.537s] -- Added test 'pep257' to check Python code against some of the style conventions in PEP 257
[16.119s] -- Added test 'uncrustify' to check C / C++ code style
[16.121s] -- Configured uncrustify additional arguments: 
[16.322s] -- Added test 'xmllint' to check XML markup files
[16.381s] -- Configuring done
[16.423s] -- Generating done
[16.448s] -- Build files have been written to: /home/lukas/ROBOT_CORE/my_bot/build/my_bot
[16.502s] Invoked command in '/home/lukas/ROBOT_CORE/my_bot/build/my_bot' returned '0': CMAKE_PREFIX_PATH=${CMAKE_PREFIX_PATH}:/opt/ros/foxy /usr/bin/cmake /home/lukas/ROBOT_CORE/my_bot -DCMAKE_INSTALL_PREFIX=/home/lukas/ROBOT_CORE/my_bot/install/my_bot
[16.529s] Invoking command in '/home/lukas/ROBOT_CORE/my_bot/build/my_bot': CMAKE_PREFIX_PATH=${CMAKE_PREFIX_PATH}:/opt/ros/foxy /usr/bin/cmake --build /home/lukas/ROBOT_CORE/my_bot/build/my_bot -- -j4 -l4
[17.046s] Invoked command in '/home/lukas/ROBOT_CORE/my_bot/build/my_bot' returned '0': CMAKE_PREFIX_PATH=${CMAKE_PREFIX_PATH}:/opt/ros/foxy /usr/bin/cmake --build /home/lukas/ROBOT_CORE/my_bot/build/my_bot -- -j4 -l4
[17.454s] Invoking command in '/home/lukas/ROBOT_CORE/my_bot/build/my_bot': CMAKE_PREFIX_PATH=${CMAKE_PREFIX_PATH}:/opt/ros/foxy /usr/bin/cmake --install /home/lukas/ROBOT_CORE/my_bot/build/my_bot
[17.565s] -- Install configuration: ""
[17.572s] -- Execute custom install script
[17.580s] -- Up-to-date symlink: /home/lukas/ROBOT_CORE/my_bot/install/my_bot/share/my_bot/config/empty.yaml
[17.584s] -- Up-to-date symlink: /home/lukas/ROBOT_CORE/my_bot/install/my_bot/share/my_bot/config/joystick.yaml
[17.591s] -- Up-to-date symlink: /home/lukas/ROBOT_CORE/my_bot/install/my_bot/share/my_bot/description/colors.xacro
[17.595s] -- Up-to-date symlink: /home/lukas/ROBOT_CORE/my_bot/install/my_bot/share/my_bot/description/gazebo_control.xacro
[17.598s] -- Up-to-date symlink: /home/lukas/ROBOT_CORE/my_bot/install/my_bot/share/my_bot/description/inertia_macros.xacro
[17.602s] -- Up-to-date symlink: /home/lukas/ROBOT_CORE/my_bot/install/my_bot/share/my_bot/description/robot.urdf.xacro
[17.605s] -- Up-to-date symlink: /home/lukas/ROBOT_CORE/my_bot/install/my_bot/share/my_bot/description/robot_core.xacro
[17.612s] -- Up-to-date symlink: /home/lukas/ROBOT_CORE/my_bot/install/my_bot/share/my_bot/launch/joystick.launch.py
[17.615s] -- Up-to-date symlink: /home/lukas/ROBOT_CORE/my_bot/install/my_bot/share/my_bot/launch/launch_sim.launch.py
[17.619s] -- Up-to-date symlink: /home/lukas/ROBOT_CORE/my_bot/install/my_bot/share/my_bot/launch/rsp.launch.py
[17.625s] -- Up-to-date symlink: /home/lukas/ROBOT_CORE/my_bot/install/my_bot/share/my_bot/worlds/empty.world
[17.632s] -- Up-to-date symlink: /home/lukas/ROBOT_CORE/my_bot/install/my_bot/share/ament_index/resource_index/package_run_dependencies/my_bot
[17.637s] -- Up-to-date symlink: /home/lukas/ROBOT_CORE/my_bot/install/my_bot/share/ament_index/resource_index/parent_prefix_path/my_bot
[17.643s] -- Up-to-date symlink: /home/lukas/ROBOT_CORE/my_bot/install/my_bot/share/my_bot/environment/ament_prefix_path.sh
[17.649s] -- Up-to-date symlink: /home/lukas/ROBOT_CORE/my_bot/install/my_bot/share/my_bot/environment/ament_prefix_path.dsv
[17.654s] -- Up-to-date symlink: /home/lukas/ROBOT_CORE/my_bot/install/my_bot/share/my_bot/environment/path.sh
[17.659s] -- Up-to-date symlink: /home/lukas/ROBOT_CORE/my_bot/install/my_bot/share/my_bot/environment/path.dsv
[17.664s] -- Up-to-date symlink: /home/lukas/ROBOT_CORE/my_bot/install/my_bot/share/my_bot/local_setup.bash
[17.670s] -- Up-to-date symlink: /home/lukas/ROBOT_CORE/my_bot/install/my_bot/share/my_bot/local_setup.sh
[17.676s] -- Up-to-date symlink: /home/lukas/ROBOT_CORE/my_bot/install/my_bot/share/my_bot/local_setup.zsh
[17.680s] -- Up-to-date symlink: /home/lukas/ROBOT_CORE/my_bot/install/my_bot/share/my_bot/local_setup.dsv
[17.684s] -- Symlinking: /home/lukas/ROBOT_CORE/my_bot/install/my_bot/share/my_bot/package.dsv
[17.795s] -- Up-to-date symlink: /home/lukas/ROBOT_CORE/my_bot/install/my_bot/share/ament_index/resource_index/packages/my_bot
[17.801s] -- Up-to-date symlink: /home/lukas/ROBOT_CORE/my_bot/install/my_bot/share/my_bot/cmake/my_botConfig.cmake
[17.804s] -- Up-to-date symlink: /home/lukas/ROBOT_CORE/my_bot/install/my_bot/share/my_bot/cmake/my_botConfig-version.cmake
[17.809s] -- Up-to-date symlink: /home/lukas/ROBOT_CORE/my_bot/install/my_bot/share/my_bot/package.xml
[17.829s] Invoked command in '/home/lukas/ROBOT_CORE/my_bot/build/my_bot' returned '0': CMAKE_PREFIX_PATH=${CMAKE_PREFIX_PATH}:/opt/ros/foxy /usr/bin/cmake --install /home/lukas/ROBOT_CORE/my_bot/build/my_bot
