[31.310s] DEBUG:colcon:Command line arguments: ['/usr/bin/colcon', 'build', '--symlink-install']
[31.311s] DEBUG:colcon:Parsed command line arguments: Namespace(allow_overriding=[], ament_cmake_args=None, base_paths=['.'], build_base='build', catkin_cmake_args=None, catkin_skip_building_tests=False, cmake_args=None, cmake_clean_cache=False, cmake_clean_first=False, cmake_force_configure=False, cmake_target=None, cmake_target_skip_unavailable=False, continue_on_error=False, event_handlers=None, executor='parallel', ignore_user_meta=False, install_base='install', log_base=None, log_level=None, main=<bound method BuildVerb.main of <colcon_core.verb.build.BuildVerb object at 0xffff97f02ac0>>, merge_install=False, metas=['./colcon.meta'], packages_above=None, packages_above_and_dependencies=None, packages_above_depth=None, packages_end=None, packages_ignore=None, packages_ignore_regex=None, packages_select=None, packages_select_build_failed=False, packages_select_by_dep=None, packages_select_regex=None, packages_select_test_failures=False, packages_skip=None, packages_skip_build_finished=False, packages_skip_by_dep=None, packages_skip_regex=None, packages_skip_test_passed=False, packages_skip_up_to=None, packages_start=None, packages_up_to=None, packages_up_to_regex=None, parallel_workers=4, paths=None, symlink_install=True, test_result_base=None, verb_extension=<colcon_core.verb.build.BuildVerb object at 0xffff97f02ac0>, verb_name='build', verb_parser=<colcon_defaults.argument_parser.defaults.DefaultArgumentsDecorator object at 0xffff97ac2700>)
[32.657s] Level 1:colcon.colcon_core.package_discovery:discover_packages(colcon_meta) check parameters
[32.659s] Level 1:colcon.colcon_core.package_discovery:discover_packages(recursive) check parameters
[32.659s] Level 1:colcon.colcon_core.package_discovery:discover_packages(ignore) check parameters
[32.660s] Level 1:colcon.colcon_core.package_discovery:discover_packages(path) check parameters
[32.660s] Level 1:colcon.colcon_core.package_discovery:discover_packages(colcon_meta) discover
[32.661s] Level 1:colcon.colcon_core.package_discovery:discover_packages(recursive) discover
[32.662s] INFO:colcon.colcon_core.package_discovery:Crawling recursively for packages in '/home/lukas/ROBOT_CORE/my_bot'
[32.664s] Level 1:colcon.colcon_core.package_identification:_identify(.) by extensions ['ignore', 'ignore_ament_install']
[32.665s] Level 1:colcon.colcon_core.package_identification:_identify(.) by extension 'ignore'
[32.666s] Level 1:colcon.colcon_core.package_identification:_identify(.) by extension 'ignore_ament_install'
[32.667s] Level 1:colcon.colcon_core.package_identification:_identify(.) by extensions ['colcon_pkg']
[32.667s] Level 1:colcon.colcon_core.package_identification:_identify(.) by extension 'colcon_pkg'
[32.668s] Level 1:colcon.colcon_core.package_identification:_identify(.) by extensions ['colcon_meta']
[32.669s] Level 1:colcon.colcon_core.package_identification:_identify(.) by extension 'colcon_meta'
[32.669s] Level 1:colcon.colcon_core.package_identification:_identify(.) by extensions ['ros']
[32.670s] Level 1:colcon.colcon_core.package_identification:_identify(.) by extension 'ros'
[32.875s] DEBUG:colcon.colcon_core.package_identification:Package '.' with type 'ros.ament_cmake' and name 'my_bot'
[32.876s] Level 1:colcon.colcon_core.package_discovery:discover_packages(recursive) using defaults
[32.877s] Level 1:colcon.colcon_core.package_discovery:discover_packages(ignore) discover
[32.877s] Level 1:colcon.colcon_core.package_discovery:discover_packages(ignore) using defaults
[32.878s] Level 1:colcon.colcon_core.package_discovery:discover_packages(path) discover
[32.878s] Level 1:colcon.colcon_core.package_discovery:discover_packages(path) using defaults
[35.812s] Level 1:colcon.colcon_core.package_discovery:discover_packages(prefix_path) check parameters
[35.813s] Level 1:colcon.colcon_core.package_discovery:discover_packages(prefix_path) discover
[36.877s] DEBUG:colcon.colcon_installed_package_information.package_discovery:Found 1 installed packages in /home/lukas/ROBOT_CORE/my_bot/install
[37.403s] DEBUG:colcon.colcon_installed_package_information.package_discovery:Found 1 installed packages in /home/lukas/ROBOT_CORE/install
[37.942s] DEBUG:colcon.colcon_installed_package_information.package_discovery:Found 172 installed packages in /opt/ros/foxy
[37.964s] Level 1:colcon.colcon_core.package_discovery:discover_packages(prefix_path) using defaults
[39.856s] Level 5:colcon.colcon_core.verb:set package 'my_bot' build argument 'cmake_args' from command line to 'None'
[39.857s] Level 5:colcon.colcon_core.verb:set package 'my_bot' build argument 'cmake_target' from command line to 'None'
[39.857s] Level 5:colcon.colcon_core.verb:set package 'my_bot' build argument 'cmake_target_skip_unavailable' from command line to 'False'
[39.857s] Level 5:colcon.colcon_core.verb:set package 'my_bot' build argument 'cmake_clean_cache' from command line to 'False'
[39.858s] Level 5:colcon.colcon_core.verb:set package 'my_bot' build argument 'cmake_clean_first' from command line to 'False'
[39.858s] Level 5:colcon.colcon_core.verb:set package 'my_bot' build argument 'cmake_force_configure' from command line to 'False'
[39.859s] Level 5:colcon.colcon_core.verb:set package 'my_bot' build argument 'ament_cmake_args' from command line to 'None'
[39.859s] Level 5:colcon.colcon_core.verb:set package 'my_bot' build argument 'catkin_cmake_args' from command line to 'None'
[39.860s] Level 5:colcon.colcon_core.verb:set package 'my_bot' build argument 'catkin_skip_building_tests' from command line to 'False'
[39.860s] DEBUG:colcon.colcon_core.verb:Building package 'my_bot' with the following arguments: {'ament_cmake_args': None, 'build_base': '/home/lukas/ROBOT_CORE/my_bot/build/my_bot', 'catkin_cmake_args': None, 'catkin_skip_building_tests': False, 'cmake_args': None, 'cmake_clean_cache': False, 'cmake_clean_first': False, 'cmake_force_configure': False, 'cmake_target': None, 'cmake_target_skip_unavailable': False, 'install_base': '/home/lukas/ROBOT_CORE/my_bot/install/my_bot', 'merge_install': False, 'path': '/home/lukas/ROBOT_CORE/my_bot', 'symlink_install': True, 'test_result_base': None}
[40.378s] INFO:colcon.colcon_core.executor:Executing jobs using 'parallel' executor
[40.902s] DEBUG:colcon.colcon_parallel_executor.executor.parallel:run_until_complete
[40.905s] INFO:colcon.colcon_ros.task.ament_cmake.build:Building ROS package in '/home/lukas/ROBOT_CORE/my_bot' with build type 'ament_cmake'
[40.907s] INFO:colcon.colcon_cmake.task.cmake.build:Building CMake package in '/home/lukas/ROBOT_CORE/my_bot'
[41.476s] INFO:colcon.colcon_core.plugin_system:Skipping extension 'colcon_core.shell.bat': Not used on non-Windows systems
[41.481s] INFO:colcon.colcon_core.shell:Skip shell extension 'powershell' for command environment: Not usable outside of PowerShell
[41.481s] DEBUG:colcon.colcon_core.shell:Skip shell extension 'dsv' for command environment
[43.890s] DEBUG:colcon.colcon_core.event_handler.log_command:Invoking command in '/home/lukas/ROBOT_CORE/my_bot/build/my_bot': CMAKE_PREFIX_PATH=${CMAKE_PREFIX_PATH}:/opt/ros/foxy /usr/bin/cmake /home/lukas/ROBOT_CORE/my_bot -DAMENT_CMAKE_SYMLINK_INSTALL=1 -DCMAKE_INSTALL_PREFIX=/home/lukas/ROBOT_CORE/my_bot/install/my_bot
[57.454s] DEBUG:colcon.colcon_core.event_handler.log_command:Invoked command in '/home/lukas/ROBOT_CORE/my_bot/build/my_bot' returned '0': CMAKE_PREFIX_PATH=${CMAKE_PREFIX_PATH}:/opt/ros/foxy /usr/bin/cmake /home/lukas/ROBOT_CORE/my_bot -DAMENT_CMAKE_SYMLINK_INSTALL=1 -DCMAKE_INSTALL_PREFIX=/home/lukas/ROBOT_CORE/my_bot/install/my_bot
[57.491s] DEBUG:colcon.colcon_core.event_handler.log_command:Invoking command in '/home/lukas/ROBOT_CORE/my_bot/build/my_bot': CMAKE_PREFIX_PATH=${CMAKE_PREFIX_PATH}:/opt/ros/foxy /usr/bin/cmake --build /home/lukas/ROBOT_CORE/my_bot/build/my_bot -- -j4 -l4
[58.000s] DEBUG:colcon.colcon_core.event_handler.log_command:Invoked command in '/home/lukas/ROBOT_CORE/my_bot/build/my_bot' returned '0': CMAKE_PREFIX_PATH=${CMAKE_PREFIX_PATH}:/opt/ros/foxy /usr/bin/cmake --build /home/lukas/ROBOT_CORE/my_bot/build/my_bot -- -j4 -l4
[58.415s] DEBUG:colcon.colcon_core.event_handler.log_command:Invoking command in '/home/lukas/ROBOT_CORE/my_bot/build/my_bot': CMAKE_PREFIX_PATH=${CMAKE_PREFIX_PATH}:/opt/ros/foxy /usr/bin/cmake --install /home/lukas/ROBOT_CORE/my_bot/build/my_bot
[58.776s] Level 1:colcon.colcon_core.environment:create_environment_scripts_only(my_bot)
[58.781s] DEBUG:colcon.colcon_core.event_handler.log_command:Invoked command in '/home/lukas/ROBOT_CORE/my_bot/build/my_bot' returned '0': CMAKE_PREFIX_PATH=${CMAKE_PREFIX_PATH}:/opt/ros/foxy /usr/bin/cmake --install /home/lukas/ROBOT_CORE/my_bot/build/my_bot
[59.366s] Level 1:colcon.colcon_core.environment:checking '/home/lukas/ROBOT_CORE/my_bot/install/my_bot' for CMake module files
[59.377s] Level 1:colcon.colcon_core.environment:checking '/home/lukas/ROBOT_CORE/my_bot/install/my_bot' for CMake config files
[59.387s] Level 1:colcon.colcon_core.shell:create_environment_hook('my_bot', 'cmake_prefix_path')
[59.933s] INFO:colcon.colcon_core.shell:Creating environment hook '/home/lukas/ROBOT_CORE/my_bot/install/my_bot/share/my_bot/hook/cmake_prefix_path.ps1'
[59.942s] INFO:colcon.colcon_core.shell:Creating environment descriptor '/home/lukas/ROBOT_CORE/my_bot/install/my_bot/share/my_bot/hook/cmake_prefix_path.dsv'
[59.949s] INFO:colcon.colcon_core.shell:Creating environment hook '/home/lukas/ROBOT_CORE/my_bot/install/my_bot/share/my_bot/hook/cmake_prefix_path.sh'
[59.963s] Level 1:colcon.colcon_core.environment:checking '/home/lukas/ROBOT_CORE/my_bot/install/my_bot/bin'
[59.964s] Level 1:colcon.colcon_core.environment:checking '/home/lukas/ROBOT_CORE/my_bot/install/my_bot/lib/pkgconfig/my_bot.pc'
[59.967s] Level 1:colcon.colcon_core.environment:checking '/home/lukas/ROBOT_CORE/my_bot/install/my_bot/lib/python3.8/site-packages'
[59.972s] Level 1:colcon.colcon_core.environment:checking '/home/lukas/ROBOT_CORE/my_bot/install/my_bot/bin'
[60.521s] INFO:colcon.colcon_core.shell:Creating package script '/home/lukas/ROBOT_CORE/my_bot/install/my_bot/share/my_bot/package.ps1'
[60.533s] INFO:colcon.colcon_core.shell:Creating package descriptor '/home/lukas/ROBOT_CORE/my_bot/install/my_bot/share/my_bot/package.dsv'
[60.541s] INFO:colcon.colcon_core.shell:Creating package script '/home/lukas/ROBOT_CORE/my_bot/install/my_bot/share/my_bot/package.sh'
[60.554s] INFO:colcon.colcon_core.shell:Creating package script '/home/lukas/ROBOT_CORE/my_bot/install/my_bot/share/my_bot/package.bash'
[60.566s] INFO:colcon.colcon_core.shell:Creating package script '/home/lukas/ROBOT_CORE/my_bot/install/my_bot/share/my_bot/package.zsh'
[60.578s] Level 1:colcon.colcon_core.environment:create_file_with_runtime_dependencies(/home/lukas/ROBOT_CORE/my_bot/install/my_bot/share/colcon-core/packages/my_bot)
[61.406s] Level 1:colcon.colcon_core.environment:create_environment_scripts_only(my_bot)
[61.951s] Level 1:colcon.colcon_core.environment:checking '/home/lukas/ROBOT_CORE/my_bot/install/my_bot' for CMake module files
[61.962s] Level 1:colcon.colcon_core.environment:checking '/home/lukas/ROBOT_CORE/my_bot/install/my_bot' for CMake config files
[61.974s] Level 1:colcon.colcon_core.shell:create_environment_hook('my_bot', 'cmake_prefix_path')
[62.518s] INFO:colcon.colcon_core.shell:Creating environment hook '/home/lukas/ROBOT_CORE/my_bot/install/my_bot/share/my_bot/hook/cmake_prefix_path.ps1'
[62.524s] INFO:colcon.colcon_core.shell:Creating environment descriptor '/home/lukas/ROBOT_CORE/my_bot/install/my_bot/share/my_bot/hook/cmake_prefix_path.dsv'
[62.529s] INFO:colcon.colcon_core.shell:Creating environment hook '/home/lukas/ROBOT_CORE/my_bot/install/my_bot/share/my_bot/hook/cmake_prefix_path.sh'
[62.537s] Level 1:colcon.colcon_core.environment:checking '/home/lukas/ROBOT_CORE/my_bot/install/my_bot/bin'
[62.539s] Level 1:colcon.colcon_core.environment:checking '/home/lukas/ROBOT_CORE/my_bot/install/my_bot/lib/pkgconfig/my_bot.pc'
[62.542s] Level 1:colcon.colcon_core.environment:checking '/home/lukas/ROBOT_CORE/my_bot/install/my_bot/lib/python3.8/site-packages'
[62.545s] Level 1:colcon.colcon_core.environment:checking '/home/lukas/ROBOT_CORE/my_bot/install/my_bot/bin'
[63.094s] INFO:colcon.colcon_core.shell:Creating package script '/home/lukas/ROBOT_CORE/my_bot/install/my_bot/share/my_bot/package.ps1'
[63.101s] INFO:colcon.colcon_core.shell:Creating package descriptor '/home/lukas/ROBOT_CORE/my_bot/install/my_bot/share/my_bot/package.dsv'
[63.109s] INFO:colcon.colcon_core.shell:Creating package script '/home/lukas/ROBOT_CORE/my_bot/install/my_bot/share/my_bot/package.sh'
[63.116s] INFO:colcon.colcon_core.shell:Creating package script '/home/lukas/ROBOT_CORE/my_bot/install/my_bot/share/my_bot/package.bash'
[63.123s] INFO:colcon.colcon_core.shell:Creating package script '/home/lukas/ROBOT_CORE/my_bot/install/my_bot/share/my_bot/package.zsh'
[63.131s] Level 1:colcon.colcon_core.environment:create_file_with_runtime_dependencies(/home/lukas/ROBOT_CORE/my_bot/install/my_bot/share/colcon-core/packages/my_bot)
[63.134s] DEBUG:colcon.colcon_parallel_executor.executor.parallel:closing loop
[63.138s] DEBUG:colcon.colcon_parallel_executor.executor.parallel:loop closed
[63.140s] DEBUG:colcon.colcon_parallel_executor.executor.parallel:run_until_complete finished with '0'
[63.141s] DEBUG:colcon.colcon_core.event_reactor:joining thread
[63.739s] INFO:colcon.colcon_core.plugin_system:Skipping extension 'colcon_notification.desktop_notification.notify_send': Could not find 'notify-send'
[63.741s] INFO:colcon.colcon_core.plugin_system:Skipping extension 'colcon_notification.desktop_notification.terminal_notifier': Not used on non-Darwin systems
[63.742s] INFO:colcon.colcon_core.plugin_system:Skipping extension 'colcon_notification.desktop_notification.win32': Not used on non-Windows systems
[63.743s] INFO:colcon.colcon_notification.desktop_notification:Sending desktop notification using 'notify2'
[63.752s] DEBUG:colcon.colcon_notification.desktop_notification.notify2:Failed to initialize notify2: org.freedesktop.DBus.Error.ServiceUnknown: The name org.freedesktop.Notifications was not provided by any .service files
[63.753s] DEBUG:colcon.colcon_core.event_reactor:joined thread
[64.281s] INFO:colcon.colcon_core.shell:Creating prefix script '/home/lukas/ROBOT_CORE/my_bot/install/local_setup.ps1'
[64.295s] INFO:colcon.colcon_core.shell:Creating prefix util module '/home/lukas/ROBOT_CORE/my_bot/install/_local_setup_util_ps1.py'
[64.318s] INFO:colcon.colcon_core.shell:Creating prefix chain script '/home/lukas/ROBOT_CORE/my_bot/install/setup.ps1'
[64.861s] INFO:colcon.colcon_core.shell:Creating prefix script '/home/lukas/ROBOT_CORE/my_bot/install/local_setup.sh'
[64.870s] INFO:colcon.colcon_core.shell:Creating prefix util module '/home/lukas/ROBOT_CORE/my_bot/install/_local_setup_util_sh.py'
[64.877s] INFO:colcon.colcon_core.shell:Creating prefix chain script '/home/lukas/ROBOT_CORE/my_bot/install/setup.sh'
[65.421s] INFO:colcon.colcon_core.shell:Creating prefix script '/home/lukas/ROBOT_CORE/my_bot/install/local_setup.bash'
[65.429s] INFO:colcon.colcon_core.shell:Creating prefix chain script '/home/lukas/ROBOT_CORE/my_bot/install/setup.bash'
[65.968s] INFO:colcon.colcon_core.shell:Creating prefix script '/home/lukas/ROBOT_CORE/my_bot/install/local_setup.zsh'
[65.976s] INFO:colcon.colcon_core.shell:Creating prefix chain script '/home/lukas/ROBOT_CORE/my_bot/install/setup.zsh'
