[2.991s] Invoking command in '/home/lukas/ROBOT_CORE/my_bot/build/my_bot': CMAKE_PREFIX_PATH=${CMAKE_PREFIX_PATH}:/opt/ros/foxy /usr/bin/cmake /home/lukas/ROBOT_CORE/my_bot -DCMAKE_INSTALL_PREFIX=/home/lukas/ROBOT_CORE/my_bot/install/my_bot
[3.205s] -- Found ament_cmake: 0.9.12 (/opt/ros/foxy/share/ament_cmake/cmake)
[3.530s] -- Using PYTHON_EXECUTABLE: /usr/bin/python3
[6.179s] -- Override CMake install command with custom implementation using symlinks instead of copying resources
[6.297s] -- Found geometry_msgs: 2.0.5 (/opt/ros/foxy/share/geometry_msgs/cmake)
[6.495s] CMake Warning at /opt/ros/foxy/share/rcutils/cmake/ament_cmake_export_libraries-extras.cmake:116 (message):
[6.497s]   Package 'rcutils' exports library 'dl' which couldn't be found
[6.498s] Call Stack (most recent call first):
[6.500s]   /opt/ros/foxy/share/rcutils/cmake/rcutilsConfig.cmake:41 (include)
[6.501s]   /opt/ros/foxy/share/rosidl_runtime_c/cmake/ament_cmake_export_dependencies-extras.cmake:21 (find_package)
[6.503s]   /opt/ros/foxy/share/rosidl_runtime_c/cmake/rosidl_runtime_cConfig.cmake:41 (include)
[6.504s]   /opt/ros/foxy/share/builtin_interfaces/cmake/ament_cmake_export_dependencies-extras.cmake:21 (find_package)
[6.506s]   /opt/ros/foxy/share/builtin_interfaces/cmake/builtin_interfacesConfig.cmake:41 (include)
[6.508s]   /opt/ros/foxy/share/std_msgs/cmake/ament_cmake_export_dependencies-extras.cmake:21 (find_package)
[6.509s]   /opt/ros/foxy/share/std_msgs/cmake/std_msgsConfig.cmake:41 (include)
[6.511s]   /opt/ros/foxy/share/geometry_msgs/cmake/ament_cmake_export_dependencies-extras.cmake:21 (find_package)
[6.513s]   /opt/ros/foxy/share/geometry_msgs/cmake/geometry_msgsConfig.cmake:41 (include)
[6.514s]   CMakeLists.txt:20 (find_package)
[6.516s] 
[6.517s] 
[6.641s] -- Using all available rosidl_typesupport_c: rosidl_typesupport_fastrtps_c;rosidl_typesupport_introspection_c
[6.699s] -- Found rosidl_adapter: 1.3.1 (/opt/ros/foxy/share/rosidl_adapter/cmake)
[8.106s] -- Using all available rosidl_typesupport_cpp: rosidl_typesupport_fastrtps_cpp;rosidl_typesupport_introspection_cpp
[9.536s] -- Found ament_lint_auto: 0.9.8 (/opt/ros/foxy/share/ament_lint_auto/cmake)
[10.548s] -- Added test 'copyright' to check source files copyright and LICENSE
[12.163s] -- Added test 'cppcheck' to perform static code analysis on C / C++ code
[12.166s] -- Configured cppcheck include dirs: 
[12.167s] -- Configured cppcheck exclude dirs and/or files: 
[13.778s] -- Added test 'cpplint' to check C / C++ code against the Google style
[13.780s] -- Configured cpplint exclude dirs and/or files: 
[13.986s] -- Added test 'flake8' to check Python code syntax and style conventions
[14.392s] -- Added test 'lint_cmake' to check CMake code style
[14.599s] -- Added test 'pep257' to check Python code against some of the style conventions in PEP 257
[16.212s] -- Added test 'uncrustify' to check C / C++ code style
[16.214s] -- Configured uncrustify additional arguments: 
[16.418s] -- Added test 'xmllint' to check XML markup files
[16.478s] -- Configuring done
[16.519s] -- Generating done
[16.544s] -- Build files have been written to: /home/lukas/ROBOT_CORE/my_bot/build/my_bot
[16.597s] Invoked command in '/home/lukas/ROBOT_CORE/my_bot/build/my_bot' returned '0': CMAKE_PREFIX_PATH=${CMAKE_PREFIX_PATH}:/opt/ros/foxy /usr/bin/cmake /home/lukas/ROBOT_CORE/my_bot -DCMAKE_INSTALL_PREFIX=/home/lukas/ROBOT_CORE/my_bot/install/my_bot
[16.623s] Invoking command in '/home/lukas/ROBOT_CORE/my_bot/build/my_bot': CMAKE_PREFIX_PATH=${CMAKE_PREFIX_PATH}:/opt/ros/foxy /usr/bin/cmake --build /home/lukas/ROBOT_CORE/my_bot/build/my_bot -- -j4 -l4
[17.139s] Invoked command in '/home/lukas/ROBOT_CORE/my_bot/build/my_bot' returned '0': CMAKE_PREFIX_PATH=${CMAKE_PREFIX_PATH}:/opt/ros/foxy /usr/bin/cmake --build /home/lukas/ROBOT_CORE/my_bot/build/my_bot -- -j4 -l4
[17.546s] Invoking command in '/home/lukas/ROBOT_CORE/my_bot/build/my_bot': CMAKE_PREFIX_PATH=${CMAKE_PREFIX_PATH}:/opt/ros/foxy /usr/bin/cmake --install /home/lukas/ROBOT_CORE/my_bot/build/my_bot
[17.656s] -- Install configuration: ""
[17.663s] -- Execute custom install script
[17.671s] -- Up-to-date symlink: /home/lukas/ROBOT_CORE/my_bot/install/my_bot/share/my_bot/config/empty.yaml
[17.675s] -- Up-to-date symlink: /home/lukas/ROBOT_CORE/my_bot/install/my_bot/share/my_bot/config/joystick.yaml
[17.682s] -- Up-to-date symlink: /home/lukas/ROBOT_CORE/my_bot/install/my_bot/share/my_bot/description/colors.xacro
[17.686s] -- Up-to-date symlink: /home/lukas/ROBOT_CORE/my_bot/install/my_bot/share/my_bot/description/gazebo_control.xacro
[17.689s] -- Up-to-date symlink: /home/lukas/ROBOT_CORE/my_bot/install/my_bot/share/my_bot/description/inertia_macros.xacro
[17.693s] -- Up-to-date symlink: /home/lukas/ROBOT_CORE/my_bot/install/my_bot/share/my_bot/description/robot.urdf.xacro
[17.696s] -- Up-to-date symlink: /home/lukas/ROBOT_CORE/my_bot/install/my_bot/share/my_bot/description/robot_core.xacro
[17.703s] -- Up-to-date symlink: /home/lukas/ROBOT_CORE/my_bot/install/my_bot/share/my_bot/launch/joystick.launch.py
[17.707s] -- Up-to-date symlink: /home/lukas/ROBOT_CORE/my_bot/install/my_bot/share/my_bot/launch/launch_sim.launch.py
[17.710s] -- Up-to-date symlink: /home/lukas/ROBOT_CORE/my_bot/install/my_bot/share/my_bot/launch/rsp.launch.py
[17.717s] -- Up-to-date symlink: /home/lukas/ROBOT_CORE/my_bot/install/my_bot/share/my_bot/worlds/empty.world
[17.723s] -- Up-to-date symlink: /home/lukas/ROBOT_CORE/my_bot/install/my_bot/share/ament_index/resource_index/package_run_dependencies/my_bot
[17.729s] -- Up-to-date symlink: /home/lukas/ROBOT_CORE/my_bot/install/my_bot/share/ament_index/resource_index/parent_prefix_path/my_bot
[17.734s] -- Up-to-date symlink: /home/lukas/ROBOT_CORE/my_bot/install/my_bot/share/my_bot/environment/ament_prefix_path.sh
[17.739s] -- Up-to-date symlink: /home/lukas/ROBOT_CORE/my_bot/install/my_bot/share/my_bot/environment/ament_prefix_path.dsv
[17.745s] -- Up-to-date symlink: /home/lukas/ROBOT_CORE/my_bot/install/my_bot/share/my_bot/environment/path.sh
[17.750s] -- Up-to-date symlink: /home/lukas/ROBOT_CORE/my_bot/install/my_bot/share/my_bot/environment/path.dsv
[17.755s] -- Up-to-date symlink: /home/lukas/ROBOT_CORE/my_bot/install/my_bot/share/my_bot/local_setup.bash
[17.760s] -- Up-to-date symlink: /home/lukas/ROBOT_CORE/my_bot/install/my_bot/share/my_bot/local_setup.sh
[17.765s] -- Up-to-date symlink: /home/lukas/ROBOT_CORE/my_bot/install/my_bot/share/my_bot/local_setup.zsh
[17.771s] -- Up-to-date symlink: /home/lukas/ROBOT_CORE/my_bot/install/my_bot/share/my_bot/local_setup.dsv
[17.774s] -- Symlinking: /home/lukas/ROBOT_CORE/my_bot/install/my_bot/share/my_bot/package.dsv
[17.886s] -- Up-to-date symlink: /home/lukas/ROBOT_CORE/my_bot/install/my_bot/share/ament_index/resource_index/packages/my_bot
[17.891s] -- Up-to-date symlink: /home/lukas/ROBOT_CORE/my_bot/install/my_bot/share/my_bot/cmake/my_botConfig.cmake
[17.894s] -- Up-to-date symlink: /home/lukas/ROBOT_CORE/my_bot/install/my_bot/share/my_bot/cmake/my_botConfig-version.cmake
[17.900s] -- Up-to-date symlink: /home/lukas/ROBOT_CORE/my_bot/install/my_bot/share/my_bot/package.xml
[17.920s] Invoked command in '/home/lukas/ROBOT_CORE/my_bot/build/my_bot' returned '0': CMAKE_PREFIX_PATH=${CMAKE_PREFIX_PATH}:/opt/ros/foxy /usr/bin/cmake --install /home/lukas/ROBOT_CORE/my_bot/build/my_bot
