[30.558s] DEBUG:colcon:Command line arguments: ['/usr/bin/colcon', 'build', '--packages-select', 'motor_ctrl']
[30.559s] DEBUG:colcon:Parsed command line arguments: Namespace(allow_overriding=[], ament_cmake_args=None, base_paths=['.'], build_base='build', catkin_cmake_args=None, catkin_skip_building_tests=False, cmake_args=None, cmake_clean_cache=False, cmake_clean_first=False, cmake_force_configure=False, cmake_target=None, cmake_target_skip_unavailable=False, continue_on_error=False, event_handlers=None, executor='parallel', ignore_user_meta=False, install_base='install', log_base=None, log_level=None, main=<bound method BuildVerb.main of <colcon_core.verb.build.BuildVerb object at 0xffff98c67ac0>>, merge_install=False, metas=['./colcon.meta'], packages_above=None, packages_above_and_dependencies=None, packages_above_depth=None, packages_end=None, packages_ignore=None, packages_ignore_regex=None, packages_select=['motor_ctrl'], packages_select_build_failed=False, packages_select_by_dep=None, packages_select_regex=None, packages_select_test_failures=False, packages_skip=None, packages_skip_build_finished=False, packages_skip_by_dep=None, packages_skip_regex=None, packages_skip_test_passed=False, packages_skip_up_to=None, packages_start=None, packages_up_to=None, packages_up_to_regex=None, parallel_workers=4, paths=None, symlink_install=False, test_result_base=None, verb_extension=<colcon_core.verb.build.BuildVerb object at 0xffff98c67ac0>, verb_name='build', verb_parser=<colcon_defaults.argument_parser.defaults.DefaultArgumentsDecorator object at 0xffff988276a0>)
[31.877s] Level 1:colcon.colcon_core.package_discovery:discover_packages(colcon_meta) check parameters
[31.879s] Level 1:colcon.colcon_core.package_discovery:discover_packages(recursive) check parameters
[31.879s] Level 1:colcon.colcon_core.package_discovery:discover_packages(ignore) check parameters
[31.880s] Level 1:colcon.colcon_core.package_discovery:discover_packages(path) check parameters
[31.880s] Level 1:colcon.colcon_core.package_discovery:discover_packages(colcon_meta) discover
[31.881s] Level 1:colcon.colcon_core.package_discovery:discover_packages(recursive) discover
[31.882s] INFO:colcon.colcon_core.package_discovery:Crawling recursively for packages in '/home/lukas/ROBOT_CORE/my_bot/src'
[31.883s] Level 1:colcon.colcon_core.package_identification:_identify(.) by extensions ['ignore', 'ignore_ament_install']
[31.885s] Level 1:colcon.colcon_core.package_identification:_identify(.) by extension 'ignore'
[31.886s] Level 1:colcon.colcon_core.package_identification:_identify(.) by extension 'ignore_ament_install'
[31.887s] Level 1:colcon.colcon_core.package_identification:_identify(.) by extensions ['colcon_pkg']
[31.887s] Level 1:colcon.colcon_core.package_identification:_identify(.) by extension 'colcon_pkg'
[31.888s] Level 1:colcon.colcon_core.package_identification:_identify(.) by extensions ['colcon_meta']
[31.888s] Level 1:colcon.colcon_core.package_identification:_identify(.) by extension 'colcon_meta'
[31.889s] Level 1:colcon.colcon_core.package_identification:_identify(.) by extensions ['ros']
[31.890s] Level 1:colcon.colcon_core.package_identification:_identify(.) by extension 'ros'
[32.065s] Level 1:colcon.colcon_core.package_identification:_identify(.) by extensions ['cmake', 'python']
[32.066s] Level 1:colcon.colcon_core.package_identification:_identify(.) by extension 'cmake'
[32.067s] Level 1:colcon.colcon_core.package_identification:_identify(.) by extension 'python'
[32.068s] Level 1:colcon.colcon_core.package_identification:_identify(.) by extensions ['python_setup_py']
[32.068s] Level 1:colcon.colcon_core.package_identification:_identify(.) by extension 'python_setup_py'
[32.070s] Level 1:colcon.colcon_core.package_identification:_identify(build) by extensions ['ignore', 'ignore_ament_install']
[32.072s] Level 1:colcon.colcon_core.package_identification:_identify(build) by extension 'ignore'
[32.072s] Level 1:colcon.colcon_core.package_identification:_identify(build) ignored
[32.074s] Level 1:colcon.colcon_core.package_identification:_identify(install) by extensions ['ignore', 'ignore_ament_install']
[32.076s] Level 1:colcon.colcon_core.package_identification:_identify(install) by extension 'ignore'
[32.077s] Level 1:colcon.colcon_core.package_identification:_identify(install) ignored
[32.078s] Level 1:colcon.colcon_core.package_identification:_identify(log) by extensions ['ignore', 'ignore_ament_install']
[32.080s] Level 1:colcon.colcon_core.package_identification:_identify(log) by extension 'ignore'
[32.081s] Level 1:colcon.colcon_core.package_identification:_identify(log) ignored
[32.082s] Level 1:colcon.colcon_core.package_identification:_identify(motor_ctrl) by extensions ['ignore', 'ignore_ament_install']
[32.084s] Level 1:colcon.colcon_core.package_identification:_identify(motor_ctrl) by extension 'ignore'
[32.085s] Level 1:colcon.colcon_core.package_identification:_identify(motor_ctrl) by extension 'ignore_ament_install'
[32.086s] Level 1:colcon.colcon_core.package_identification:_identify(motor_ctrl) by extensions ['colcon_pkg']
[32.086s] Level 1:colcon.colcon_core.package_identification:_identify(motor_ctrl) by extension 'colcon_pkg'
[32.087s] Level 1:colcon.colcon_core.package_identification:_identify(motor_ctrl) by extensions ['colcon_meta']
[32.088s] Level 1:colcon.colcon_core.package_identification:_identify(motor_ctrl) by extension 'colcon_meta'
[32.089s] Level 1:colcon.colcon_core.package_identification:_identify(motor_ctrl) by extensions ['ros']
[32.089s] Level 1:colcon.colcon_core.package_identification:_identify(motor_ctrl) by extension 'ros'
[32.121s] DEBUG:colcon.colcon_core.package_identification:Package 'motor_ctrl' with type 'ros.ament_python' and name 'motor_ctrl'
[32.122s] Level 1:colcon.colcon_core.package_discovery:discover_packages(recursive) using defaults
[32.123s] Level 1:colcon.colcon_core.package_discovery:discover_packages(ignore) discover
[32.124s] Level 1:colcon.colcon_core.package_discovery:discover_packages(ignore) using defaults
[32.124s] Level 1:colcon.colcon_core.package_discovery:discover_packages(path) discover
[32.125s] Level 1:colcon.colcon_core.package_discovery:discover_packages(path) using defaults
[34.940s] Level 1:colcon.colcon_core.package_discovery:discover_packages(prefix_path) check parameters
[34.941s] Level 1:colcon.colcon_core.package_discovery:discover_packages(prefix_path) discover
[36.003s] DEBUG:colcon.colcon_installed_package_information.package_discovery:Found 1 installed packages in /home/lukas/ROBOT_CORE/my_bot/install
[36.525s] DEBUG:colcon.colcon_installed_package_information.package_discovery:Found 1 installed packages in /home/lukas/ROBOT_CORE/install
[37.063s] DEBUG:colcon.colcon_installed_package_information.package_discovery:Found 172 installed packages in /opt/ros/foxy
[37.085s] Level 1:colcon.colcon_core.package_discovery:discover_packages(prefix_path) using defaults
[38.965s] Level 5:colcon.colcon_core.verb:set package 'motor_ctrl' build argument 'cmake_args' from command line to 'None'
[38.966s] Level 5:colcon.colcon_core.verb:set package 'motor_ctrl' build argument 'cmake_target' from command line to 'None'
[38.967s] Level 5:colcon.colcon_core.verb:set package 'motor_ctrl' build argument 'cmake_target_skip_unavailable' from command line to 'False'
[38.967s] Level 5:colcon.colcon_core.verb:set package 'motor_ctrl' build argument 'cmake_clean_cache' from command line to 'False'
[38.967s] Level 5:colcon.colcon_core.verb:set package 'motor_ctrl' build argument 'cmake_clean_first' from command line to 'False'
[38.968s] Level 5:colcon.colcon_core.verb:set package 'motor_ctrl' build argument 'cmake_force_configure' from command line to 'False'
[38.968s] Level 5:colcon.colcon_core.verb:set package 'motor_ctrl' build argument 'ament_cmake_args' from command line to 'None'
[38.969s] Level 5:colcon.colcon_core.verb:set package 'motor_ctrl' build argument 'catkin_cmake_args' from command line to 'None'
[38.969s] Level 5:colcon.colcon_core.verb:set package 'motor_ctrl' build argument 'catkin_skip_building_tests' from command line to 'False'
[38.970s] DEBUG:colcon.colcon_core.verb:Building package 'motor_ctrl' with the following arguments: {'ament_cmake_args': None, 'build_base': '/home/lukas/ROBOT_CORE/my_bot/src/build/motor_ctrl', 'catkin_cmake_args': None, 'catkin_skip_building_tests': False, 'cmake_args': None, 'cmake_clean_cache': False, 'cmake_clean_first': False, 'cmake_force_configure': False, 'cmake_target': None, 'cmake_target_skip_unavailable': False, 'install_base': '/home/lukas/ROBOT_CORE/my_bot/src/install/motor_ctrl', 'merge_install': False, 'path': '/home/lukas/ROBOT_CORE/my_bot/src/motor_ctrl', 'symlink_install': False, 'test_result_base': None}
[39.389s] INFO:colcon.colcon_core.executor:Executing jobs using 'parallel' executor
[39.890s] DEBUG:colcon.colcon_parallel_executor.executor.parallel:run_until_complete
[39.893s] INFO:colcon.colcon_ros.task.ament_python.build:Building ROS package in '/home/lukas/ROBOT_CORE/my_bot/src/motor_ctrl' with build type 'ament_python'
[39.896s] Level 1:colcon.colcon_core.shell:create_environment_hook('motor_ctrl', 'ament_prefix_path')
[40.461s] INFO:colcon.colcon_core.plugin_system:Skipping extension 'colcon_core.shell.bat': Not used on non-Windows systems
[40.465s] INFO:colcon.colcon_core.shell:Creating environment hook '/home/lukas/ROBOT_CORE/my_bot/src/install/motor_ctrl/share/motor_ctrl/hook/ament_prefix_path.ps1'
[40.479s] INFO:colcon.colcon_core.shell:Creating environment descriptor '/home/lukas/ROBOT_CORE/my_bot/src/install/motor_ctrl/share/motor_ctrl/hook/ament_prefix_path.dsv'
[40.487s] INFO:colcon.colcon_core.shell:Creating environment hook '/home/lukas/ROBOT_CORE/my_bot/src/install/motor_ctrl/share/motor_ctrl/hook/ament_prefix_path.sh'
[41.039s] INFO:colcon.colcon_core.shell:Skip shell extension 'powershell' for command environment: Not usable outside of PowerShell
[41.040s] DEBUG:colcon.colcon_core.shell:Skip shell extension 'dsv' for command environment
[46.673s] INFO:colcon.colcon_core.task.python.build:Building Python package in '/home/lukas/ROBOT_CORE/my_bot/src/motor_ctrl'
[47.224s] INFO:colcon.colcon_core.shell:Skip shell extension 'powershell' for command environment: Not usable outside of PowerShell
[47.225s] DEBUG:colcon.colcon_core.shell:Skip shell extension 'dsv' for command environment
[55.074s] DEBUG:colcon.colcon_core.event_handler.log_command:Invoking command in '/home/lukas/ROBOT_CORE/my_bot/src/motor_ctrl': PYTHONPATH=/home/lukas/ROBOT_CORE/my_bot/src/build/motor_ctrl/prefix_override:/home/lukas/ROBOT_CORE/my_bot/src/install/motor_ctrl/lib/python3.8/site-packages:${PYTHONPATH} /usr/bin/python3 setup.py egg_info --egg-base ../build/motor_ctrl build --build-base /home/lukas/ROBOT_CORE/my_bot/src/build/motor_ctrl/build install --record /home/lukas/ROBOT_CORE/my_bot/src/build/motor_ctrl/install.log --install-scripts $base/lib/motor_ctrl --single-version-externally-managed
[59.565s] DEBUG:colcon.colcon_core.event_handler.log_command:Invoked command in '/home/lukas/ROBOT_CORE/my_bot/src/motor_ctrl' returned '0': PYTHONPATH=/home/lukas/ROBOT_CORE/my_bot/src/build/motor_ctrl/prefix_override:/home/lukas/ROBOT_CORE/my_bot/src/install/motor_ctrl/lib/python3.8/site-packages:${PYTHONPATH} /usr/bin/python3 setup.py egg_info --egg-base ../build/motor_ctrl build --build-base /home/lukas/ROBOT_CORE/my_bot/src/build/motor_ctrl/build install --record /home/lukas/ROBOT_CORE/my_bot/src/build/motor_ctrl/install.log --install-scripts $base/lib/motor_ctrl --single-version-externally-managed
[60.165s] Level 1:colcon.colcon_core.environment:checking '/home/lukas/ROBOT_CORE/my_bot/src/install/motor_ctrl' for CMake module files
[60.174s] Level 1:colcon.colcon_core.environment:checking '/home/lukas/ROBOT_CORE/my_bot/src/install/motor_ctrl' for CMake config files
[60.185s] Level 1:colcon.colcon_core.environment:checking '/home/lukas/ROBOT_CORE/my_bot/src/install/motor_ctrl/lib'
[60.188s] Level 1:colcon.colcon_core.environment:checking '/home/lukas/ROBOT_CORE/my_bot/src/install/motor_ctrl/bin'
[60.189s] Level 1:colcon.colcon_core.environment:checking '/home/lukas/ROBOT_CORE/my_bot/src/install/motor_ctrl/lib/pkgconfig/motor_ctrl.pc'
[60.193s] Level 1:colcon.colcon_core.environment:checking '/home/lukas/ROBOT_CORE/my_bot/src/install/motor_ctrl/lib/python3.8/site-packages'
[60.194s] Level 1:colcon.colcon_core.shell:create_environment_hook('motor_ctrl', 'pythonpath')
[60.741s] INFO:colcon.colcon_core.shell:Creating environment hook '/home/lukas/ROBOT_CORE/my_bot/src/install/motor_ctrl/share/motor_ctrl/hook/pythonpath.ps1'
[60.747s] INFO:colcon.colcon_core.shell:Creating environment descriptor '/home/lukas/ROBOT_CORE/my_bot/src/install/motor_ctrl/share/motor_ctrl/hook/pythonpath.dsv'
[60.752s] INFO:colcon.colcon_core.shell:Creating environment hook '/home/lukas/ROBOT_CORE/my_bot/src/install/motor_ctrl/share/motor_ctrl/hook/pythonpath.sh'
[60.760s] Level 1:colcon.colcon_core.environment:checking '/home/lukas/ROBOT_CORE/my_bot/src/install/motor_ctrl/bin'
[60.761s] Level 1:colcon.colcon_core.environment:create_environment_scripts_only(motor_ctrl)
[61.304s] INFO:colcon.colcon_core.shell:Creating package script '/home/lukas/ROBOT_CORE/my_bot/src/install/motor_ctrl/share/motor_ctrl/package.ps1'
[61.321s] INFO:colcon.colcon_core.shell:Creating package descriptor '/home/lukas/ROBOT_CORE/my_bot/src/install/motor_ctrl/share/motor_ctrl/package.dsv'
[61.331s] INFO:colcon.colcon_core.shell:Creating package script '/home/lukas/ROBOT_CORE/my_bot/src/install/motor_ctrl/share/motor_ctrl/package.sh'
[61.344s] INFO:colcon.colcon_core.shell:Creating package script '/home/lukas/ROBOT_CORE/my_bot/src/install/motor_ctrl/share/motor_ctrl/package.bash'
[61.357s] INFO:colcon.colcon_core.shell:Creating package script '/home/lukas/ROBOT_CORE/my_bot/src/install/motor_ctrl/share/motor_ctrl/package.zsh'
[61.371s] Level 1:colcon.colcon_core.environment:create_file_with_runtime_dependencies(/home/lukas/ROBOT_CORE/my_bot/src/install/motor_ctrl/share/colcon-core/packages/motor_ctrl)
[61.377s] DEBUG:colcon.colcon_parallel_executor.executor.parallel:closing loop
[61.380s] DEBUG:colcon.colcon_parallel_executor.executor.parallel:loop closed
[61.381s] DEBUG:colcon.colcon_parallel_executor.executor.parallel:run_until_complete finished with '0'
[61.382s] DEBUG:colcon.colcon_core.event_reactor:joining thread
[61.973s] INFO:colcon.colcon_core.plugin_system:Skipping extension 'colcon_notification.desktop_notification.notify_send': Could not find 'notify-send'
[61.974s] INFO:colcon.colcon_core.plugin_system:Skipping extension 'colcon_notification.desktop_notification.terminal_notifier': Not used on non-Darwin systems
[61.976s] INFO:colcon.colcon_core.plugin_system:Skipping extension 'colcon_notification.desktop_notification.win32': Not used on non-Windows systems
[61.976s] INFO:colcon.colcon_notification.desktop_notification:Sending desktop notification using 'notify2'
[61.985s] DEBUG:colcon.colcon_notification.desktop_notification.notify2:Failed to initialize notify2: org.freedesktop.DBus.Error.ServiceUnknown: The name org.freedesktop.Notifications was not provided by any .service files
[61.986s] DEBUG:colcon.colcon_core.event_reactor:joined thread
[62.520s] INFO:colcon.colcon_core.shell:Creating prefix script '/home/lukas/ROBOT_CORE/my_bot/src/install/local_setup.ps1'
[62.534s] INFO:colcon.colcon_core.shell:Creating prefix util module '/home/lukas/ROBOT_CORE/my_bot/src/install/_local_setup_util_ps1.py'
[62.556s] INFO:colcon.colcon_core.shell:Creating prefix chain script '/home/lukas/ROBOT_CORE/my_bot/src/install/setup.ps1'
[63.099s] INFO:colcon.colcon_core.shell:Creating prefix script '/home/lukas/ROBOT_CORE/my_bot/src/install/local_setup.sh'
[63.108s] INFO:colcon.colcon_core.shell:Creating prefix util module '/home/lukas/ROBOT_CORE/my_bot/src/install/_local_setup_util_sh.py'
[63.114s] INFO:colcon.colcon_core.shell:Creating prefix chain script '/home/lukas/ROBOT_CORE/my_bot/src/install/setup.sh'
[63.657s] INFO:colcon.colcon_core.shell:Creating prefix script '/home/lukas/ROBOT_CORE/my_bot/src/install/local_setup.bash'
[63.665s] INFO:colcon.colcon_core.shell:Creating prefix chain script '/home/lukas/ROBOT_CORE/my_bot/src/install/setup.bash'
[64.203s] INFO:colcon.colcon_core.shell:Creating prefix script '/home/lukas/ROBOT_CORE/my_bot/src/install/local_setup.zsh'
[64.211s] INFO:colcon.colcon_core.shell:Creating prefix chain script '/home/lukas/ROBOT_CORE/my_bot/src/install/setup.zsh'
